<?xml version="1.0" encoding="UTF-8"?>
<!-- Generated by org.testng.reporters.JUnitXMLReporter -->
<testsuite ignored="2" hostname="DESKTOP-89MCHFM" failures="1" tests="2" name="Test1" time="1.052" errors="0" timestamp="2022-08-23T12:27:38 IST">
  <testcase classname="pack.TestClass" name="method3" time="1.024">
    <failure type="org.testng.internal.thread.ThreadTimeoutException" message="Method pack.TestClass.method3() didn&amp;apos;t finish within the time-out 1000">
      <![CDATA[org.testng.internal.thread.ThreadTimeoutException: Method pack.TestClass.method3() didn't finish within the time-out 1000
at java.base/java.util.ArrayList.forEach(ArrayList.java:1511)
... Removed 24 stack frames]]>
    </failure>
  </testcase> <!-- method3 -->
  <testcase classname="pack.TestClass" name="method4" time="0.0">
    <skipped/>
  </testcase> <!-- method4 -->
  <testcase classname="pack.TestClass" name="method1" time="0.0">
    <ignored/>
  </testcase> <!-- method1 -->
  <testcase classname="pack.TestClass" name="method2" time="0.0">
    <ignored/>
  </testcase> <!-- method2 -->
</testsuite> <!-- Test1 -->
